(node:20796) Warning: Setting the NODE_TLS_REJECT_UNAUTHORIZED environment variable to '0' makes TLS connections and HTTPS requests insecure by disabling certificate verification.
(Use `node --trace-warnings ...` to show where the warning was created)
ALL: 659 hisseli fon (kapLink'li, toplam meta: 2441)
  ? AC8: rapor bulunamadı
  ? ACC: rapor bulunamadı
  ✓ ADP: 03.06.2026 metin=39629kr
  ? ABG: rapor bulunamadı
  ? AC5: rapor bulunamadı
  ✓ KYA: 05.06.2026 metin=7946kr
  ? KYR: rapor bulunamadı
  ? AEH: rapor bulunamadı
  ? AEU: rapor bulunamadı
  ? AEV: rapor bulunamadı
  ✓ AFA: 03.06.2026 metin=10750kr
  ? GCC: rapor bulunamadı
  ? GCD: rapor bulunamadı
  ? GEI: rapor bulunamadı
  ? LPH: rapor bulunamadı
  ? MAS: rapor bulunamadı
  ? MGB: rapor bulunamadı
  ? AGH: rapor bulunamadı
  ? KPH: rapor bulunamadı
  ? MHF: rapor bulunamadı
  ? AHL: rapor bulunamadı
  ? AH5: rapor bulunamadı
  ? MPP: rapor bulunamadı
  ? MPS: rapor bulunamadı
  ? AJR: rapor bulunamadı
  ? GTM: rapor bulunamadı
  ? AIM: rapor bulunamadı
  ? NKM: rapor bulunamadı
  ? ALI: rapor bulunamadı
  ? ALU: rapor bulunamadı
  ? BDO: rapor bulunamadı
  ? GGC: rapor bulunamadı
  ? NRC: rapor bulunamadı
  ? ALJ: rapor bulunamadı
  ? AOJ: rapor bulunamadı
  ✓ AOY: 03.06.2026 metin=7235kr
  ? AP2: rapor bulunamadı
  ? AP4: rapor bulunamadı
  ? AP5: rapor bulunamadı
  ? AP6: rapor bulunamadı
  ? KH1: rapor bulunamadı
  ? OHB: rapor bulunamadı
  ? ASJ: rapor bulunamadı
  ? ATE: rapor bulunamadı
  ? ATJ: rapor bulunamadı
  ? AVC: rapor bulunamadı
  ? GIE: rapor bulunamadı
  ? GNH: rapor bulunamadı
  ✓ OSH: 08.06.2026 metin=3700kr
  ✓ AYA: 05.06.2026 metin=6210kr
  ? AZH: rapor bulunamadı
  ? BAC: rapor bulunamadı
  ? GMO: rapor bulunamadı
  ? KHC: rapor bulunamadı
  ? AVR: rapor bulunamadı
  ? PBY: rapor bulunamadı
  ? BBN: rapor bulunamadı
  ? BBO: rapor bulunamadı
  ? BEH: rapor bulunamadı
  ? KHD: rapor bulunamadı
  ? KHF: rapor bulunamadı
  ? PHK: rapor bulunamadı
  ? PHN: rapor bulunamadı
  ? PKZ: rapor bulunamadı
  ? PMG: rapor bulunamadı
  ? BHN: rapor bulunamadı
  ? HLR: rapor bulunamadı
  ? PMH: rapor bulunamadı
  ? BHA: rapor bulunamadı
  ? BHE: rapor bulunamadı
  ? PO9: rapor bulunamadı
  ? PPD: rapor bulunamadı
  ? PSH: rapor bulunamadı
  ? HDA: rapor bulunamadı
  ? BHO: rapor bulunamadı
  ? BIA: rapor bulunamadı
  ? BID: rapor bulunamadı
  ? BIO: rapor bulunamadı
  ? BIY: rapor bulunamadı
  ? HES: rapor bulunamadı
  ? BNO: rapor bulunamadı
  ? BRB: rapor bulunamadı
  ? HPF: rapor bulunamadı
  ? HPI: rapor bulunamadı
  ? BLH: rapor bulunamadı
  ? BND: rapor bulunamadı
  ? BOE: rapor bulunamadı
  ? PYD: rapor bulunamadı
  ? RDH: rapor bulunamadı
  ? BPH: rapor bulunamadı
  ? BPI: rapor bulunamadı
  ? HIS: rapor bulunamadı
  ? HMK: rapor bulunamadı
  ? HMS: rapor bulunamadı
  ? RDK: rapor bulunamadı
  ? RHI: rapor bulunamadı
  ? RHS: rapor bulunamadı
  ? BSH: rapor bulunamadı
  ? BSN: rapor bulunamadı
  ? BTE: rapor bulunamadı
  ? BTJ: rapor bulunamadı
  ? HKM: rapor bulunamadı
  ? HKR: rapor bulunamadı
  ? HLA: rapor bulunamadı
  ? BRH: rapor bulunamadı
  ? HKP: rapor bulunamadı
  ? RKH: rapor bulunamadı
  ? BVK: rapor bulunamadı
  ? BYZ: rapor bulunamadı
  ? CBO: rapor bulunamadı
  ? HVB: rapor bulunamadı
  ? HVC: rapor bulunamadı
  ? BUT: rapor bulunamadı
  ? BVH: rapor bulunamadı
  ? BVI: rapor bulunamadı
  ? BVM: rapor bulunamadı
  ? BVV: rapor bulunamadı
  ? HMG: rapor bulunamadı
  ? HVA: rapor bulunamadı
  ✓ YAY: 05.06.2026 metin=18479kr
  ? YLC: rapor bulunamadı
  ? YLE: rapor bulunamadı
  ? YLO: rapor bulunamadı
  ? CHD: rapor bulunamadı
  ? HMV: rapor bulunamadı
  ? IAS: rapor bulunamadı
  ? IAU: rapor bulunamadı
  ? YPR: rapor bulunamadı
  ? CSH: rapor bulunamadı
  ? HNC: rapor bulunamadı
  ? YUB: rapor bulunamadı
  ✓ DAH: 04.06.2026 metin=12414kr
  ? DDF: rapor bulunamadı
  ? HPJ: rapor bulunamadı
  ? HPL: rapor bulunamadı
  ? ZBO: rapor bulunamadı
  ? ZBP: rapor bulunamadı
  ? ZEA: rapor bulunamadı
  ? DDC: rapor bulunamadı
  ? DHJ: rapor bulunamadı
  ? DHP: rapor bulunamadı
  ? HPZ: rapor bulunamadı
  ? HRZ: rapor bulunamadı
  ? DHV: rapor bulunamadı
  ? ZHH: rapor bulunamadı
  ? ZKE: rapor bulunamadı
  ? DLD: rapor bulunamadı
  ? DLZ: rapor bulunamadı
  ? HSR: rapor bulunamadı
  ? HTJ: rapor bulunamadı
  ? DIH: rapor bulunamadı
  ? ZPJ: rapor bulunamadı
  ? DNA: rapor bulunamadı
  ? DOH: rapor bulunamadı
  ? HUI: rapor bulunamadı
  ? DRH: rapor bulunamadı
  ? HVI: rapor bulunamadı
  ? IAI: rapor bulunamadı
  ? DTZ: rapor bulunamadı
  ? DUC: rapor bulunamadı
  ? HVL: rapor bulunamadı
  ? HVN: rapor bulunamadı
  ✓ HVS: 08.06.2026 metin=12318kr
  ? DTL: rapor bulunamadı
  ? DXP: rapor bulunamadı
  ✓ EC2: 08.06.2026 metin=156975kr
  ✓ EID: 01.06.2026 metin=5090kr
  ? HVZ: rapor bulunamadı
  ✓ EBD: 08.06.2026 metin=17540kr
  ? ENF: rapor bulunamadı
  ? ENJ: rapor bulunamadı
  ? ENS: rapor bulunamadı
  ? HYY: rapor bulunamadı
  ? IAC: rapor bulunamadı
  ? ESG: rapor bulunamadı
  ? IAR: rapor bulunamadı
  ? FIC: rapor bulunamadı
  ? IBE: rapor bulunamadı
  ? FNT: rapor bulunamadı
  ? IDP: rapor bulunamadı
  ? FLY: rapor bulunamadı
  ? FS1: rapor bulunamadı
  ✓ ICF: 01.06.2026 metin=12595kr
  ? FRC: rapor bulunamadı
  ? FS5: rapor bulunamadı
  ✓ GAE: 08.06.2026 metin=83802kr
  ✓ GAF: 08.06.2026 metin=14399kr
  ? FP4: rapor bulunamadı
  ? FPR: rapor bulunamadı
  ? FSM: rapor bulunamadı
  ? ICZ: rapor bulunamadı
  ? IEN: rapor bulunamadı
  ? KSR: rapor bulunamadı
  ? FYZ: rapor bulunamadı
  ? IDH: rapor bulunamadı
  ? IDI: rapor bulunamadı
  ? KRH: rapor bulunamadı
  ? FS2: rapor bulunamadı
  ? FS4: rapor bulunamadı
  ? FYF: rapor bulunamadı
  ✓ GBC: 05.06.2026 metin=10519kr
  ✓ GBG: 08.06.2026 metin=11762kr
  ? GBH: rapor bulunamadı
  ? GBJ: rapor bulunamadı
  ? GEA: rapor bulunamadı
  ? GED: rapor bulunamadı
  ? GEH: rapor bulunamadı
  ? GCN: rapor bulunamadı
  ✓ GHS: 08.06.2026 metin=112645kr
  ? GKF: rapor bulunamadı
  ? GID: rapor bulunamadı
  ? GIH: rapor bulunamadı
  ? GKG: rapor bulunamadı
  ? GKL: rapor bulunamadı
  ? GLG: rapor bulunamadı
  ? GHJ: rapor bulunamadı
  ? GKV: rapor bulunamadı
  ✓ GL1: 05.06.2026 metin=9540kr
  ? GLM: rapor bulunamadı
  ? GNS: rapor bulunamadı
  ? GP1: rapor bulunamadı
  ? GRT: rapor bulunamadı
  ? GPT: rapor bulunamadı
  ? GTH: rapor bulunamadı
  ? GVA: rapor bulunamadı
  ? HAR: rapor bulunamadı
  ? GOH: rapor bulunamadı
  ✓ GSP: 05.06.2026 metin=13484kr
  ? GZR: rapor bulunamadı
  ? GZY: rapor bulunamadı
  ? GZZ: rapor bulunamadı
  ? HAT: rapor bulunamadı
  ? HDH: rapor bulunamadı
  ? HDK: rapor bulunamadı
  ? HGM: rapor bulunamadı
  ? HHM: rapor bulunamadı
  ? HIH: rapor bulunamadı
  ? HGH: rapor bulunamadı
  ? HGJ: rapor bulunamadı
  ? AEB: rapor bulunamadı
  ✓ AFS: 03.06.2026 metin=8366kr
  ✓ AFT: 03.06.2026 metin=8369kr
  ? HIM: rapor bulunamadı
  ? HJA: rapor bulunamadı
  ? HKG: rapor bulunamadı
  ? IEH: rapor bulunamadı
  ? KST: rapor bulunamadı
  ? IEZ: rapor bulunamadı
  ? KTI: rapor bulunamadı
  ? KTJ: rapor bulunamadı
  ✓ AAV: 05.06.2026 metin=5805kr
  ✓ KTS: 08.06.2026 metin=28743kr
  ✓ AK3: 03.06.2026 metin=15530kr
  ? IFN: rapor bulunamadı
  ? AIH: rapor bulunamadı
  ? IVF: rapor bulunamadı
  ? IHA: rapor bulunamadı
  ? IYV: rapor bulunamadı
  ? BDS: rapor bulunamadı
  ? BDY: rapor bulunamadı
  ? BHH: rapor bulunamadı
  ? BHT: rapor bulunamadı
  ? BHL: rapor bulunamadı
  ? BLA: rapor bulunamadı
  ? IYP: rapor bulunamadı
  ? BST: rapor bulunamadı
  ? IHV: rapor bulunamadı
  ? IPA: rapor bulunamadı
  ? IRT: rapor bulunamadı
  ? BMU: rapor bulunamadı
  ? BOH: rapor bulunamadı
  ? IHK: rapor bulunamadı
  ? IHY: rapor bulunamadı
  ? IIE: rapor bulunamadı
  ? IJZ: rapor bulunamadı
  ? BOS: rapor bulunamadı
  ? IHZ: rapor bulunamadı
  ? BTZ: rapor bulunamadı
  ? IIS: rapor bulunamadı
  ? ITC: rapor bulunamadı
  ? IIH: rapor bulunamadı
  ? CAH: rapor bulunamadı
  ? CBD: rapor bulunamadı
  ? CHG: rapor bulunamadı
  ? CHH: rapor bulunamadı
  ? CPT: rapor bulunamadı
  ? CPU: rapor bulunamadı
  ? IJC: rapor bulunamadı
  ? IJF: rapor bulunamadı
  ? IJI: rapor bulunamadı
  ? IMB: rapor bulunamadı
  ? DPT: rapor bulunamadı
  ? IML: rapor bulunamadı
  ? IV2: rapor bulunamadı
  ? JET: rapor bulunamadı
  ? KHA: rapor bulunamadı
  ? DFC: rapor bulunamadı
  ? KEH: rapor bulunamadı
  ? KHB: rapor bulunamadı
  ? KMT: rapor bulunamadı
  ? KNJ: rapor bulunamadı
  ? KPA: rapor bulunamadı
  ? KPB: rapor bulunamadı
  ? DKH: rapor bulunamadı
  ? EHS: rapor bulunamadı
  ? ELZ: rapor bulunamadı
  ? EME: rapor bulunamadı
  ? EMI: rapor bulunamadı
  ? EML: rapor bulunamadı
  ? FAK: rapor bulunamadı
  ? KIB: rapor bulunamadı
  ? KIK: rapor bulunamadı
  ? KPF: rapor bulunamadı
  ? KHJ: rapor bulunamadı
  ? KHL: rapor bulunamadı
  ? KHT: rapor bulunamadı
  ? KOD: rapor bulunamadı
  ? KPU: rapor bulunamadı
  ? KLT: rapor bulunamadı
  ? FUA: rapor bulunamadı
  ✓ FYD: 08.06.2026 metin=10240kr
  ? KOT: rapor bulunamadı
  ? FHI: rapor bulunamadı
  ? KU3: rapor bulunamadı
  ? LAI: rapor bulunamadı
  ? LFD: rapor bulunamadı
  ? LGO: rapor bulunamadı
  ? NAV: rapor bulunamadı
  ? MDL: rapor bulunamadı
  ? KVT: rapor bulunamadı
  ? MET: rapor bulunamadı
  ? MGD: rapor bulunamadı
  ? MTV: rapor bulunamadı
  ? MUT: rapor bulunamadı
  ? MHR: rapor bulunamadı
  ? LLA: rapor bulunamadı
  ? LTC: rapor bulunamadı
  ? MKA: rapor bulunamadı
  ? MLT: rapor bulunamadı
  ? LZV: rapor bulunamadı
  ✓ MAC: 08.06.2026 metin=114841kr
  ? MGH: rapor bulunamadı
  ? MMH: rapor bulunamadı
  ? MP4: rapor bulunamadı
  ? MT5: rapor bulunamadı
  ? MP2: rapor bulunamadı
  ? MT6: rapor bulunamadı
  ? MT7: rapor bulunamadı
  ? MT8: rapor bulunamadı
  ? MT9: rapor bulunamadı
  ? MCU: rapor bulunamadı
(node:22520) Warning: Setting the NODE_TLS_REJECT_UNAUTHORIZED environment variable to '0' makes TLS connections and HTTPS requests insecure by disabling certificate verification.
(Use `node --trace-warnings ...` to show where the warning was created)
ALL: 659 hisseli fon (kapLink'li, toplam meta: 2441)
  ? AC8: rapor bulunamadı
  ? ACC: rapor bulunamadı
  ✓ ADP: 03.06.2026 metin=39629kr
  ? ABG: rapor bulunamadı
  ? AC5: rapor bulunamadı
  ✓ KYA: 05.06.2026 metin=7946kr
  ? KYR: rapor bulunamadı
  ? AEH: rapor bulunamadı
  ? AEU: rapor bulunamadı
  ? AEV: rapor bulunamadı
  ✓ AFA: 03.06.2026 metin=10750kr
  ? GCC: rapor bulunamadı
  ? GCD: rapor bulunamadı
  ? GEI: rapor bulunamadı
  ? LPH: rapor bulunamadı
  ? MAS: rapor bulunamadı
  ? MGB: rapor bulunamadı
  ? AGH: rapor bulunamadı
  ? KPH: rapor bulunamadı
  ? MHF: rapor bulunamadı
  ? AHL: rapor bulunamadı
  ? AH5: rapor bulunamadı
  ? MPP: rapor bulunamadı
  ? MPS: rapor bulunamadı
  ? AJR: rapor bulunamadı
  ? GTM: rapor bulunamadı
  ? AIM: rapor bulunamadı
  ? NKM: rapor bulunamadı
  ? ALI: rapor bulunamadı
  ? ALU: rapor bulunamadı
  ? BDO: rapor bulunamadı
  ? GGC: rapor bulunamadı
  ? NRC: rapor bulunamadı
  ? ALJ: rapor bulunamadı
  ? AOJ: rapor bulunamadı
  ✓ AOY: 03.06.2026 metin=7235kr
  ? AP2: rapor bulunamadı
  ? AP4: rapor bulunamadı
  ? AP5: rapor bulunamadı
  ? AP6: rapor bulunamadı
  ? KH1: rapor bulunamadı
  ? OHB: rapor bulunamadı
  ? ASJ: rapor bulunamadı
  ? ATE: rapor bulunamadı
  ? ATJ: rapor bulunamadı
  ? AVC: rapor bulunamadı
  ? GIE: rapor bulunamadı
  ? GNH: rapor bulunamadı
  ✓ OSH: 08.06.2026 metin=3700kr
  ✓ AYA: 05.06.2026 metin=6210kr
  ? AZH: rapor bulunamadı
  ? BAC: rapor bulunamadı
  ? GMO: rapor bulunamadı
  ? KHC: rapor bulunamadı
  ? AVR: rapor bulunamadı
  ? PBY: rapor bulunamadı
  ? BBN: rapor bulunamadı
  ? BBO: rapor bulunamadı
  ? BEH: rapor bulunamadı
  ? KHD: rapor bulunamadı
  ? KHF: rapor bulunamadı
  ? PHK: rapor bulunamadı
  ? PHN: rapor bulunamadı
  ? PKZ: rapor bulunamadı
  ? PMG: rapor bulunamadı
  ? BHN: rapor bulunamadı
  ? HLR: rapor bulunamadı
  ? PMH: rapor bulunamadı
  ? BHA: rapor bulunamadı
  ? BHE: rapor bulunamadı
  ? PO9: rapor bulunamadı
  ? PPD: rapor bulunamadı
  ? PSH: rapor bulunamadı
  ? HDA: rapor bulunamadı
  ? BHO: rapor bulunamadı
  ? BIA: rapor bulunamadı
  ? BID: rapor bulunamadı
  ? BIO: rapor bulunamadı
  ? BIY: rapor bulunamadı
  ? HES: rapor bulunamadı
  ? BNO: rapor bulunamadı
  ? BRB: rapor bulunamadı
  ? HPF: rapor bulunamadı
  ? HPI: rapor bulunamadı
  ? BLH: rapor bulunamadı
  ? BND: rapor bulunamadı
  ? BOE: rapor bulunamadı
  ? PYD: rapor bulunamadı
  ? RDH: rapor bulunamadı
  ? BPH: rapor bulunamadı
  ? BPI: rapor bulunamadı
  ? HIS: rapor bulunamadı
  ? HMK: rapor bulunamadı
  ? HMS: rapor bulunamadı
  ? RDK: rapor bulunamadı
  ? RHI: rapor bulunamadı
  ? RHS: rapor bulunamadı
  ? BSH: rapor bulunamadı
  ? BSN: rapor bulunamadı
  ? BTE: rapor bulunamadı
  ? BTJ: rapor bulunamadı
  ? HKM: rapor bulunamadı
  ? HKR: rapor bulunamadı
  ? HLA: rapor bulunamadı
  ? BRH: rapor bulunamadı
  ? HKP: rapor bulunamadı
  ? RKH: rapor bulunamadı
  ? BVK: rapor bulunamadı
  ? BYZ: rapor bulunamadı
  ? CBO: rapor bulunamadı
  ? HVB: rapor bulunamadı
  ? HVC: rapor bulunamadı
  ? BUT: rapor bulunamadı
  ? BVH: rapor bulunamadı
  ? BVI: rapor bulunamadı
  ? BVM: rapor bulunamadı
  ? BVV: rapor bulunamadı
  ? HMG: rapor bulunamadı
  ? HVA: rapor bulunamadı
  ✓ YAY: 05.06.2026 metin=18479kr
  ? YLC: rapor bulunamadı
  ? YLE: rapor bulunamadı
  ? YLO: rapor bulunamadı
  ? CHD: rapor bulunamadı
  ? HMV: rapor bulunamadı
  ? IAS: rapor bulunamadı
  ? IAU: rapor bulunamadı
  ? YPR: rapor bulunamadı
  ? CSH: rapor bulunamadı
  ? HNC: rapor bulunamadı
  ? YUB: rapor bulunamadı
  ✓ DAH: 04.06.2026 metin=12414kr
  ? DDF: rapor bulunamadı
  ? HPJ: rapor bulunamadı
  ? HPL: rapor bulunamadı
  ? ZBO: rapor bulunamadı
  ? ZBP: rapor bulunamadı
  ? ZEA: rapor bulunamadı
  ? DDC: rapor bulunamadı
  ? DHJ: rapor bulunamadı
  ? DHP: rapor bulunamadı
  ? HPZ: rapor bulunamadı
  ? HRZ: rapor bulunamadı
  ? DHV: rapor bulunamadı
  ? ZHH: rapor bulunamadı
  ? ZKE: rapor bulunamadı
  ? DLD: rapor bulunamadı
  ? DLZ: rapor bulunamadı
  ? HSR: rapor bulunamadı
  ? HTJ: rapor bulunamadı
  ? DIH: rapor bulunamadı
  ? ZPJ: rapor bulunamadı
  ? DNA: rapor bulunamadı
  ? DOH: rapor bulunamadı
  ? HUI: rapor bulunamadı
  ? DRH: rapor bulunamadı
  ? HVI: rapor bulunamadı
  ? IAI: rapor bulunamadı
  ? DTZ: rapor bulunamadı
  ? DUC: rapor bulunamadı
  ? HVL: rapor bulunamadı
  ? HVN: rapor bulunamadı
  ✓ HVS: 08.06.2026 metin=12318kr
  ? DTL: rapor bulunamadı
  ? DXP: rapor bulunamadı
  ✓ EC2: 08.06.2026 metin=156975kr
  ✓ EID: 01.06.2026 metin=5090kr
  ? HVZ: rapor bulunamadı
  ✓ EBD: 08.06.2026 metin=17540kr
  ? ENF: rapor bulunamadı
  ? ENJ: rapor bulunamadı
  ? ENS: rapor bulunamadı
  ? HYY: rapor bulunamadı
  ? IAC: rapor bulunamadı
  ? ESG: rapor bulunamadı
  ? IAR: rapor bulunamadı
  ? FIC: rapor bulunamadı
  ? IBE: rapor bulunamadı
  ? FNT: rapor bulunamadı
  ? IDP: rapor bulunamadı
  ? FLY: rapor bulunamadı
  ? FS1: rapor bulunamadı
  ✓ ICF: 01.06.2026 metin=12595kr
  ? FRC: rapor bulunamadı
  ? FS5: rapor bulunamadı
  ✓ GAE: 08.06.2026 metin=83802kr
  ✓ GAF: 08.06.2026 metin=14399kr
  ? FP4: rapor bulunamadı
  ? FPR: rapor bulunamadı
  ? FSM: rapor bulunamadı
  ? ICZ: rapor bulunamadı
  ? IEN: rapor bulunamadı
  ? KSR: rapor bulunamadı
  ? FYZ: rapor bulunamadı
  ? IDH: rapor bulunamadı
  ? IDI: rapor bulunamadı
  ? KRH: rapor bulunamadı
  ? FS2: rapor bulunamadı
  ? FS4: rapor bulunamadı
  ? FYF: rapor bulunamadı
  ✓ GBC: 05.06.2026 metin=10519kr
  ✓ GBG: 08.06.2026 metin=11762kr
  ? GBH: rapor bulunamadı
  ? GBJ: rapor bulunamadı
  ? GEA: rapor bulunamadı
  ? GED: rapor bulunamadı
  ? GEH: rapor bulunamadı
  ? GCN: rapor bulunamadı
  ✓ GHS: 08.06.2026 metin=112645kr
  ? GKF: rapor bulunamadı
  ? GID: rapor bulunamadı
  ? GIH: rapor bulunamadı
  ? GKG: rapor bulunamadı
  ? GKL: rapor bulunamadı
  ? GLG: rapor bulunamadı
  ? GHJ: rapor bulunamadı
  ? GKV: rapor bulunamadı
  ✓ GL1: 05.06.2026 metin=9540kr
  ? GLM: rapor bulunamadı
  ? GNS: rapor bulunamadı
  ? GP1: rapor bulunamadı
  ? GRT: rapor bulunamadı
  ? GPT: rapor bulunamadı
  ? GTH: rapor bulunamadı
  ? GVA: rapor bulunamadı
  ? HAR: rapor bulunamadı
  ? GOH: rapor bulunamadı
  ✓ GSP: 05.06.2026 metin=13484kr
  ? GZR: rapor bulunamadı
  ? GZY: rapor bulunamadı
  ? GZZ: rapor bulunamadı
  ? HAT: rapor bulunamadı
  ? HDH: rapor bulunamadı
  ? HDK: rapor bulunamadı
  ? HGM: rapor bulunamadı
  ? HHM: rapor bulunamadı
  ? HIH: rapor bulunamadı
  ? HGH: rapor bulunamadı
  ? HGJ: rapor bulunamadı
  ? AEB: rapor bulunamadı
  ✓ AFS: 03.06.2026 metin=8366kr
  ✓ AFT: 03.06.2026 metin=8369kr
  ? HIM: rapor bulunamadı
  ? HJA: rapor bulunamadı
  ? HKG: rapor bulunamadı
  ? IEH: rapor bulunamadı
  ? KST: rapor bulunamadı
  ? IEZ: rapor bulunamadı
  ? KTI: rapor bulunamadı
  ? KTJ: rapor bulunamadı
  ✓ AAV: 05.06.2026 metin=5805kr
  ✓ KTS: 08.06.2026 metin=28743kr
  ✓ AK3: 03.06.2026 metin=15530kr
  ? IFN: rapor bulunamadı
  ? AIH: rapor bulunamadı
  ? IVF: rapor bulunamadı
  ? IHA: rapor bulunamadı
  ? IYV: rapor bulunamadı
  ? BDS: rapor bulunamadı
  ? BDY: rapor bulunamadı
  ? BHH: rapor bulunamadı
  ? BHT: rapor bulunamadı
  ? BHL: rapor bulunamadı
  ? BLA: rapor bulunamadı
  ? IYP: rapor bulunamadı
  ? BST: rapor bulunamadı
  ? IHV: rapor bulunamadı
  ? IPA: rapor bulunamadı
  ? IRT: rapor bulunamadı
  ? BMU: rapor bulunamadı
  ? BOH: rapor bulunamadı
  ? IHK: rapor bulunamadı
  ? IHY: rapor bulunamadı
  ? IIE: rapor bulunamadı
  ? IJZ: rapor bulunamadı
  ? BOS: rapor bulunamadı
  ? IHZ: rapor bulunamadı
  ? BTZ: rapor bulunamadı
  ? IIS: rapor bulunamadı
  ? ITC: rapor bulunamadı
  ? IIH: rapor bulunamadı
  ? CAH: rapor bulunamadı
  ? CBD: rapor bulunamadı
  ? CHG: rapor bulunamadı
  ? CHH: rapor bulunamadı
  ? CPT: rapor bulunamadı
  ? CPU: rapor bulunamadı
  ? IJC: rapor bulunamadı
  ? IJF: rapor bulunamadı
  ? IJI: rapor bulunamadı
  ? IMB: rapor bulunamadı
  ? DPT: rapor bulunamadı
  ? IML: rapor bulunamadı
  ? IV2: rapor bulunamadı
  ? JET: rapor bulunamadı
  ? KHA: rapor bulunamadı
  ? DFC: rapor bulunamadı
  ? KEH: rapor bulunamadı
  ? KHB: rapor bulunamadı
  ? KMT: rapor bulunamadı
  ? KNJ: rapor bulunamadı
  ? KPA: rapor bulunamadı
  ? KPB: rapor bulunamadı
  ? DKH: rapor bulunamadı
  ? EHS: rapor bulunamadı
  ? ELZ: rapor bulunamadı
  ? EME: rapor bulunamadı
  ? EMI: rapor bulunamadı
  ? EML: rapor bulunamadı
  ? FAK: rapor bulunamadı
  ? KIB: rapor bulunamadı
  ? KIK: rapor bulunamadı
  ? KPF: rapor bulunamadı
  ? KHJ: rapor bulunamadı
  ? KHL: rapor bulunamadı
  ? KHT: rapor bulunamadı
  ? KOD: rapor bulunamadı
  ? KPU: rapor bulunamadı
  ? KLT: rapor bulunamadı
  ? FUA: rapor bulunamadı
  ✓ FYD: 08.06.2026 metin=10240kr
  ? KOT: rapor bulunamadı
  ? FHI: rapor bulunamadı
  ? KU3: rapor bulunamadı
  ? LAI: rapor bulunamadı
  ? LFD: rapor bulunamadı
  ? LGO: rapor bulunamadı
  ? NAV: rapor bulunamadı
  ? MDL: rapor bulunamadı
  ? KVT: rapor bulunamadı
  ? MET: rapor bulunamadı
  ? MGD: rapor bulunamadı
  ? MTV: rapor bulunamadı
  ? MUT: rapor bulunamadı
  ? MHR: rapor bulunamadı
  ? LLA: rapor bulunamadı
  ? LTC: rapor bulunamadı
  ? MKA: rapor bulunamadı
  ? MLT: rapor bulunamadı
  ? LZV: rapor bulunamadı
  ✓ MAC: 08.06.2026 metin=114841kr
  ? MGH: rapor bulunamadı
  ? MMH: rapor bulunamadı
  ? MP4: rapor bulunamadı
  ? MT5: rapor bulunamadı
  ? MP2: rapor bulunamadı
  ? MT6: rapor bulunamadı
  ? MT7: rapor bulunamadı
  ? MT8: rapor bulunamadı
  ? MT9: rapor bulunamadı
  ? MCU: rapor bulunamadı
  ? MGE: rapor bulunamadı
  ? MTD: rapor bulunamadı
  ? MTE: rapor bulunamadı
  ? MTH: rapor bulunamadı
  ? MTK: rapor bulunamadı
  ? MTL: rapor bulunamadı
  ? MTU: rapor bulunamadı
  ? NKH: rapor bulunamadı
  ? NTD: rapor bulunamadı
  ? NDL: rapor bulunamadı
  ? NKC: rapor bulunamadı
  ? NTI: rapor bulunamadı
  ? NFH: rapor bulunamadı
  ? NFK: rapor bulunamadı
  ? NHY: rapor bulunamadı
  ? OPH: rapor bulunamadı
  ? NKS: rapor bulunamadı
  ? NKT: rapor bulunamadı
  ? NLE: rapor bulunamadı
  ? NNF: rapor bulunamadı
  ? NOA: rapor bulunamadı
  ? NOV: rapor bulunamadı
  ? OME: rapor bulunamadı
  ? NLL: rapor bulunamadı
  ? NPH: rapor bulunamadı
  ? NUH: rapor bulunamadı
  ? NTB: rapor bulunamadı
  ? OHS: rapor bulunamadı
  ? OHY: rapor bulunamadı
  ? PDG: rapor bulunamadı
  ? OPE: rapor bulunamadı
  ? NST: rapor bulunamadı
  ? PDH: rapor bulunamadı
  ? PDS: rapor bulunamadı
  ? PGH: rapor bulunamadı
  ? PGS: rapor bulunamadı
  ? PHB: rapor bulunamadı
  ? OHI: rapor bulunamadı
  ? PHF: rapor bulunamadı
  ? OJH: rapor bulunamadı
  ? PKN: rapor bulunamadı
  ? OMG: rapor bulunamadı
  ? PCS: rapor bulunamadı
  ? PDE: rapor bulunamadı
  ? POU: rapor bulunamadı
  ? PDC: rapor bulunamadı
  ? PPB: rapor bulunamadı
  ? ONE: rapor bulunamadı
  ? PGE: rapor bulunamadı
  ? PKH: rapor bulunamadı
  ? PPO: rapor bulunamadı
  ? OVD: rapor bulunamadı
  ? OZC: rapor bulunamadı
  ? PAC: rapor bulunamadı
  ? PBH: rapor bulunamadı
  ? PBN: rapor bulunamadı
  ? PAO: rapor bulunamadı
  ? PCH: rapor bulunamadı
  ? POB: rapor bulunamadı
  ? POS: rapor bulunamadı
  ? PHI: rapor bulunamadı
  ? PHS: rapor bulunamadı
  ? PHY: rapor bulunamadı
  ? PO7: rapor bulunamadı
  ? PO8: rapor bulunamadı
  ? POF: rapor bulunamadı
  ? POH: rapor bulunamadı
  ? POI: rapor bulunamadı
  ? PPU: rapor bulunamadı
  ? PKU: rapor bulunamadı
  ? PMP: rapor bulunamadı
  ? PPH: rapor bulunamadı
  ? PSR: rapor bulunamadı
  ? PTO: rapor bulunamadı
  ? PUH: rapor bulunamadı
  ? PUK: rapor bulunamadı
  ? PST: rapor bulunamadı
  ? PYI: rapor bulunamadı
  ? PYR: rapor bulunamadı
  ? RBN: rapor bulunamadı
  ? ROF: rapor bulunamadı
  ? RPC: rapor bulunamadı
  ? RBH: rapor bulunamadı
  ? RAI: rapor bulunamadı
  ? RCS: rapor bulunamadı
  ? RUH: rapor bulunamadı
  ? RVI: rapor bulunamadı
  ? RVS: rapor bulunamadı
  ? RYA: rapor bulunamadı
  ? SSS: rapor bulunamadı
  ? T3B: rapor bulunamadı
  ? RDF: rapor bulunamadı
  ? RYF: rapor bulunamadı
  ? RE6: rapor bulunamadı
  ? RE7: rapor bulunamadı
  ? RE8: rapor bulunamadı
  ? RGH: rapor bulunamadı
  ? RHD: rapor bulunamadı
  ? SAS: rapor bulunamadı
  ? SHU: rapor bulunamadı
  ? SIA: rapor bulunamadı
  ? SIS: rapor bulunamadı
  ? SUR: rapor bulunamadı
  ? RZR: rapor bulunamadı
  ? STZ: rapor bulunamadı
  ? RIA: rapor bulunamadı
  ? RPI: rapor bulunamadı
  ? RPN: rapor bulunamadı
  ? SAT: rapor bulunamadı
  ? SBA: rapor bulunamadı
  ? SBH: rapor bulunamadı
  ? SBR: rapor bulunamadı
  ? SKO: rapor bulunamadı
  ? RIH: rapor bulunamadı
